{"/home/travis/build/IFS49F/poker/src/googleAnalytics.js": {"path":"/home/travis/build/IFS49F/poker/src/googleAnalytics.js","statementMap":{"0":{"start":{"line":3,"column":2},"end":{"line":11,"column":3}},"1":{"start":{"line":4,"column":4},"end":{"line":7,"column":88}},"2":{"start":{"line":4,"column":29},"end":{"line":4,"column":58}},"3":{"start":{"line":4,"column":58},"end":{"line":5,"column":63}},"4":{"start":{"line":5,"column":6},"end":{"line":5,"column":41}},"5":{"start":{"line":5,"column":63},"end":{"line":6,"column":37}},"6":{"start":{"line":6,"column":37},"end":{"line":6,"column":47}},"7":{"start":{"line":6,"column":47},"end":{"line":6,"column":55}},"8":{"start":{"line":6,"column":55},"end":{"line":6,"column":85}},"9":{"start":{"line":9,"column":4},"end":{"line":9,"column":54}},"10":{"start":{"line":10,"column":4},"end":{"line":10,"column":27}}},"fnMap":{"0":{"name":"googleAnalytics","decl":{"start":{"line":2,"column":24},"end":{"line":2,"column":39}},"loc":{"start":{"line":2,"column":42},"end":{"line":12,"column":1}},"line":2},"1":{"name":"(anonymous_1)","decl":{"start":{"line":4,"column":5},"end":{"line":4,"column":6}},"loc":{"start":{"line":4,"column":28},"end":{"line":7,"column":7}},"line":4},"2":{"name":"(anonymous_2)","decl":{"start":{"line":4,"column":69},"end":{"line":4,"column":70}},"loc":{"start":{"line":4,"column":79},"end":{"line":5,"column":42}},"line":4}},"branchMap":{"0":{"loc":{"start":{"line":3,"column":2},"end":{"line":11,"column":3}},"type":"if","locations":[{"start":{"line":3,"column":2},"end":{"line":11,"column":3}},{"start":{"line":3,"column":2},"end":{"line":11,"column":3}}],"line":3},"1":{"loc":{"start":{"line":3,"column":6},"end":{"line":3,"column":74}},"type":"binary-expr","locations":[{"start":{"line":3,"column":6},"end":{"line":3,"column":43}},{"start":{"line":3,"column":47},"end":{"line":3,"column":74}}],"line":3},"2":{"loc":{"start":{"line":4,"column":63},"end":{"line":5,"column":42}},"type":"binary-expr","locations":[{"start":{"line":4,"column":63},"end":{"line":4,"column":67}},{"start":{"line":4,"column":69},"end":{"line":5,"column":42}}],"line":4},"3":{"loc":{"start":{"line":5,"column":14},"end":{"line":5,"column":24}},"type":"binary-expr","locations":[{"start":{"line":5,"column":14},"end":{"line":5,"column":20}},{"start":{"line":5,"column":22},"end":{"line":5,"column":24}}],"line":5}},"s":{"0":0,"1":0,"2":0,"3":0,"4":0,"5":0,"6":0,"7":0,"8":0,"9":0,"10":0},"f":{"0":0,"1":0,"2":0},"b":{"0":[0,0],"1":[0,0],"2":[0,0],"3":[0,0]},"hash":"d73535d073bdba75cd2051def11bb51ba2791ca2"}
,"/home/travis/build/IFS49F/poker/src/index.js": {"path":"/home/travis/build/IFS49F/poker/src/index.js","statementMap":{"0":{"start":{"line":9,"column":0},"end":{"line":9,"column":18}},"1":{"start":{"line":11,"column":0},"end":{"line":14,"column":2}},"2":{"start":{"line":16,"column":0},"end":{"line":16,"column":24}}},"fnMap":{},"branchMap":{},"s":{"0":0,"1":0,"2":0},"f":{},"b":{},"hash":"cfafeddb88d0cfd79c97e2650c66b63d3756aae4"}
,"/home/travis/build/IFS49F/poker/src/registerServiceWorker.js": {"path":"/home/travis/build/IFS49F/poker/src/registerServiceWorker.js","statementMap":{"0":{"start":{"line":12,"column":2},"end":{"line":42,"column":3}},"1":{"start":{"line":13,"column":4},"end":{"line":41,"column":7}},"2":{"start":{"line":14,"column":20},"end":{"line":14,"column":65}},"3":{"start":{"line":15,"column":6},"end":{"line":40,"column":11}},"4":{"start":{"line":18,"column":10},"end":{"line":36,"column":12}},"5":{"start":{"line":19,"column":37},"end":{"line":19,"column":60}},"6":{"start":{"line":20,"column":12},"end":{"line":35,"column":14}},"7":{"start":{"line":21,"column":14},"end":{"line":34,"column":15}},"8":{"start":{"line":22,"column":16},"end":{"line":33,"column":17}},"9":{"start":{"line":27,"column":18},"end":{"line":27,"column":75}},"10":{"start":{"line":32,"column":18},"end":{"line":32,"column":68}},"11":{"start":{"line":39,"column":10},"end":{"line":39,"column":76}},"12":{"start":{"line":46,"column":2},"end":{"line":50,"column":3}},"13":{"start":{"line":47,"column":4},"end":{"line":49,"column":7}},"14":{"start":{"line":48,"column":6},"end":{"line":48,"column":32}}},"fnMap":{"0":{"name":"register","decl":{"start":{"line":11,"column":24},"end":{"line":11,"column":32}},"loc":{"start":{"line":11,"column":35},"end":{"line":43,"column":1}},"line":11},"1":{"name":"(anonymous_1)","decl":{"start":{"line":13,"column":36},"end":{"line":13,"column":37}},"loc":{"start":{"line":13,"column":42},"end":{"line":41,"column":5}},"line":13},"2":{"name":"(anonymous_2)","decl":{"start":{"line":17,"column":14},"end":{"line":17,"column":15}},"loc":{"start":{"line":17,"column":30},"end":{"line":37,"column":9}},"line":17},"3":{"name":"(anonymous_3)","decl":{"start":{"line":18,"column":39},"end":{"line":18,"column":40}},"loc":{"start":{"line":18,"column":45},"end":{"line":36,"column":11}},"line":18},"4":{"name":"(anonymous_4)","decl":{"start":{"line":20,"column":45},"end":{"line":20,"column":46}},"loc":{"start":{"line":20,"column":51},"end":{"line":35,"column":13}},"line":20},"5":{"name":"(anonymous_5)","decl":{"start":{"line":38,"column":15},"end":{"line":38,"column":16}},"loc":{"start":{"line":38,"column":24},"end":{"line":40,"column":9}},"line":38},"6":{"name":"unregister","decl":{"start":{"line":45,"column":16},"end":{"line":45,"column":26}},"loc":{"start":{"line":45,"column":29},"end":{"line":51,"column":1}},"line":45},"7":{"name":"(anonymous_7)","decl":{"start":{"line":47,"column":39},"end":{"line":47,"column":40}},"loc":{"start":{"line":47,"column":55},"end":{"line":49,"column":5}},"line":47}},"branchMap":{"0":{"loc":{"start":{"line":12,"column":2},"end":{"line":42,"column":3}},"type":"if","locations":[{"start":{"line":12,"column":2},"end":{"line":42,"column":3}},{"start":{"line":12,"column":2},"end":{"line":42,"column":3}}],"line":12},"1":{"loc":{"start":{"line":12,"column":6},"end":{"line":12,"column":75}},"type":"binary-expr","locations":[{"start":{"line":12,"column":6},"end":{"line":12,"column":43}},{"start":{"line":12,"column":47},"end":{"line":12,"column":75}}],"line":12},"2":{"loc":{"start":{"line":21,"column":14},"end":{"line":34,"column":15}},"type":"if","locations":[{"start":{"line":21,"column":14},"end":{"line":34,"column":15}},{"start":{"line":21,"column":14},"end":{"line":34,"column":15}}],"line":21},"3":{"loc":{"start":{"line":22,"column":16},"end":{"line":33,"column":17}},"type":"if","locations":[{"start":{"line":22,"column":16},"end":{"line":33,"column":17}},{"start":{"line":22,"column":16},"end":{"line":33,"column":17}}],"line":22},"4":{"loc":{"start":{"line":46,"column":2},"end":{"line":50,"column":3}},"type":"if","locations":[{"start":{"line":46,"column":2},"end":{"line":50,"column":3}},{"start":{"line":46,"column":2},"end":{"line":50,"column":3}}],"line":46}},"s":{"0":0,"1":0,"2":0,"3":0,"4":0,"5":0,"6":0,"7":0,"8":0,"9":0,"10":0,"11":0,"12":0,"13":0,"14":0},"f":{"0":0,"1":0,"2":0,"3":0,"4":0,"5":0,"6":0,"7":0},"b":{"0":[0,0],"1":[0,0],"2":[0,0],"3":[0,0],"4":[0,0]},"hash":"98d67647f68a72724d48da6ee570998a84868458"}
,"/home/travis/build/IFS49F/poker/src/components/Actions/Actions.js": {"path":"/home/travis/build/IFS49F/poker/src/components/Actions/Actions.js","statementMap":{"0":{"start":{"line":6,"column":16},"end":{"line":27,"column":8}},"1":{"start":{"line":7,"column":2},"end":{"line":27,"column":8}},"2":{"start":{"line":10,"column":8},"end":{"line":17,"column":13}}},"fnMap":{"0":{"name":"(anonymous_0)","decl":{"start":{"line":6,"column":16},"end":{"line":6,"column":17}},"loc":{"start":{"line":7,"column":2},"end":{"line":27,"column":8}},"line":7},"1":{"name":"(anonymous_1)","decl":{"start":{"line":9,"column":23},"end":{"line":9,"column":24}},"loc":{"start":{"line":10,"column":8},"end":{"line":17,"column":13}},"line":10}},"branchMap":{"0":{"loc":{"start":{"line":21,"column":7},"end":{"line":25,"column":7}},"type":"cond-expr","locations":[{"start":{"line":22,"column":8},"end":{"line":22,"column":76}},{"start":{"line":24,"column":8},"end":{"line":24,"column":55}}],"line":21}},"s":{"0":2,"1":5,"2":70},"f":{"0":5,"1":70},"b":{"0":[1,4]},"_coverageSchema":"43e27e138ebf9cfc5966b082cf9a028302ed4184","hash":"67a6132ad5b471241fb48e344a450fb243144b41"}
,"/home/travis/build/IFS49F/poker/src/components/Card/Card.js": {"path":"/home/travis/build/IFS49F/poker/src/components/Card/Card.js","statementMap":{"0":{"start":{"line":5,"column":13},"end":{"line":22,"column":1}},"1":{"start":{"line":6,"column":20},"end":{"line":6,"column":66}},"2":{"start":{"line":8,"column":2},"end":{"line":21,"column":4}}},"fnMap":{"0":{"name":"(anonymous_0)","decl":{"start":{"line":5,"column":13},"end":{"line":5,"column":14}},"loc":{"start":{"line":5,"column":58},"end":{"line":22,"column":1}},"line":5}},"branchMap":{"0":{"loc":{"start":{"line":12,"column":10},"end":{"line":16,"column":19}},"type":"cond-expr","locations":[{"start":{"line":13,"column":12},"end":{"line":13,"column":14}},{"start":{"line":14,"column":12},"end":{"line":16,"column":19}}],"line":12},"1":{"loc":{"start":{"line":14,"column":12},"end":{"line":16,"column":19}},"type":"cond-expr","locations":[{"start":{"line":15,"column":14},"end":{"line":15,"column":18}},{"start":{"line":16,"column":14},"end":{"line":16,"column":19}}],"line":14}},"s":{"0":3,"1":6,"2":6},"f":{"0":6},"b":{"0":[4,2],"1":[1,1]},"_coverageSchema":"43e27e138ebf9cfc5966b082cf9a028302ed4184","hash":"880241e40c884c1ed64810e05aefe657bee40f35"}
,"/home/travis/build/IFS49F/poker/src/components/Join/Join.js": {"path":"/home/travis/build/IFS49F/poker/src/components/Join/Join.js","statementMap":{"0":{"start":{"line":6,"column":4},"end":{"line":6,"column":17}},"1":{"start":{"line":7,"column":4},"end":{"line":9,"column":6}},"2":{"start":{"line":12,"column":17},"end":{"line":16,"column":3}},"3":{"start":{"line":13,"column":4},"end":{"line":15,"column":7}},"4":{"start":{"line":18,"column":17},"end":{"line":21,"column":3}},"5":{"start":{"line":19,"column":4},"end":{"line":19,"column":23}},"6":{"start":{"line":20,"column":4},"end":{"line":20,"column":43}},"7":{"start":{"line":24,"column":4},"end":{"line":40,"column":6}}},"fnMap":{"0":{"name":"(anonymous_0)","decl":{"start":{"line":5,"column":2},"end":{"line":5,"column":3}},"loc":{"start":{"line":5,"column":21},"end":{"line":10,"column":3}},"line":5},"1":{"name":"(anonymous_1)","decl":{"start":{"line":12,"column":17},"end":{"line":12,"column":18}},"loc":{"start":{"line":12,"column":24},"end":{"line":16,"column":3}},"line":12},"2":{"name":"(anonymous_2)","decl":{"start":{"line":18,"column":17},"end":{"line":18,"column":18}},"loc":{"start":{"line":18,"column":24},"end":{"line":21,"column":3}},"line":18},"3":{"name":"(anonymous_3)","decl":{"start":{"line":23,"column":2},"end":{"line":23,"column":3}},"loc":{"start":{"line":23,"column":11},"end":{"line":41,"column":3}},"line":23}},"branchMap":{},"s":{"0":4,"1":4,"2":4,"3":1,"4":4,"5":1,"6":1,"7":5},"f":{"0":4,"1":1,"2":1,"3":5},"b":{},"_coverageSchema":"43e27e138ebf9cfc5966b082cf9a028302ed4184","hash":"73c302a28185bfce00bda0f8a294da0c6fc396ab"}
,"/home/travis/build/IFS49F/poker/src/components/Notification/Notification.js": {"path":"/home/travis/build/IFS49F/poker/src/components/Notification/Notification.js","statementMap":{"0":{"start":{"line":4,"column":21},"end":{"line":12,"column":1}},"1":{"start":{"line":5,"column":2},"end":{"line":11,"column":4}}},"fnMap":{"0":{"name":"(anonymous_0)","decl":{"start":{"line":4,"column":21},"end":{"line":4,"column":22}},"loc":{"start":{"line":4,"column":56},"end":{"line":12,"column":1}},"line":4}},"branchMap":{},"s":{"0":2,"1":4},"f":{"0":4},"b":{},"_coverageSchema":"43e27e138ebf9cfc5966b082cf9a028302ed4184","hash":"5704a97906659fd429b02d2a903d427337f984f9"}
,"/home/travis/build/IFS49F/poker/src/components/Share/Share.js": {"path":"/home/travis/build/IFS49F/poker/src/components/Share/Share.js","statementMap":{"0":{"start":{"line":4,"column":23},"end":{"line":4,"column":43}},"1":{"start":{"line":8,"column":4},"end":{"line":8,"column":17}},"2":{"start":{"line":9,"column":4},"end":{"line":11,"column":6}},"3":{"start":{"line":14,"column":15},"end":{"line":19,"column":3}},"4":{"start":{"line":15,"column":4},"end":{"line":15,"column":23}},"5":{"start":{"line":16,"column":4},"end":{"line":16,"column":28}},"6":{"start":{"line":17,"column":4},"end":{"line":17,"column":33}},"7":{"start":{"line":18,"column":4},"end":{"line":18,"column":42}},"8":{"start":{"line":21,"column":15},"end":{"line":23,"column":3}},"9":{"start":{"line":22,"column":4},"end":{"line":22,"column":47}},"10":{"start":{"line":26,"column":25},"end":{"line":26,"column":35}},"11":{"start":{"line":27,"column":20},"end":{"line":27,"column":65}},"12":{"start":{"line":28,"column":17},"end":{"line":28,"column":58}},"13":{"start":{"line":30,"column":4},"end":{"line":42,"column":6}},"14":{"start":{"line":33,"column":58},"end":{"line":33,"column":81}}},"fnMap":{"0":{"name":"(anonymous_0)","decl":{"start":{"line":7,"column":2},"end":{"line":7,"column":3}},"loc":{"start":{"line":7,"column":21},"end":{"line":12,"column":3}},"line":7},"1":{"name":"(anonymous_1)","decl":{"start":{"line":14,"column":15},"end":{"line":14,"column":16}},"loc":{"start":{"line":14,"column":22},"end":{"line":19,"column":3}},"line":14},"2":{"name":"(anonymous_2)","decl":{"start":{"line":21,"column":15},"end":{"line":21,"column":16}},"loc":{"start":{"line":21,"column":22},"end":{"line":23,"column":3}},"line":21},"3":{"name":"(anonymous_3)","decl":{"start":{"line":25,"column":2},"end":{"line":25,"column":3}},"loc":{"start":{"line":25,"column":11},"end":{"line":43,"column":3}},"line":25},"4":{"name":"(anonymous_4)","decl":{"start":{"line":33,"column":45},"end":{"line":33,"column":46}},"loc":{"start":{"line":33,"column":56},"end":{"line":33,"column":83}},"line":33}},"branchMap":{},"s":{"0":2,"1":4,"2":4,"3":4,"4":1,"5":1,"6":1,"7":1,"8":4,"9":1,"10":6,"11":6,"12":6,"13":6,"14":5},"f":{"0":4,"1":1,"2":1,"3":6,"4":5},"b":{},"_coverageSchema":"43e27e138ebf9cfc5966b082cf9a028302ed4184","hash":"fa42f886b7904f647ec6905b690fd74ab371cd3a"}
,"/home/travis/build/IFS49F/poker/src/components/SiteNotification/SiteNotification.js": {"path":"/home/travis/build/IFS49F/poker/src/components/SiteNotification/SiteNotification.js","statementMap":{"0":{"start":{"line":5,"column":25},"end":{"line":27,"column":1}},"1":{"start":{"line":6,"column":21},"end":{"line":6,"column":71}},"2":{"start":{"line":7,"column":16},"end":{"line":7,"column":26}},"3":{"start":{"line":8,"column":19},"end":{"line":8,"column":90}},"4":{"start":{"line":9,"column":28},"end":{"line":12,"column":4}},"5":{"start":{"line":14,"column":2},"end":{"line":26,"column":4}}},"fnMap":{"0":{"name":"(anonymous_0)","decl":{"start":{"line":5,"column":25},"end":{"line":5,"column":26}},"loc":{"start":{"line":5,"column":31},"end":{"line":27,"column":1}},"line":5}},"branchMap":{},"s":{"0":1,"1":0,"2":0,"3":0,"4":0,"5":0},"f":{"0":0},"b":{},"_coverageSchema":"43e27e138ebf9cfc5966b082cf9a028302ed4184","hash":"2978e6b5ed50dd81370e0448947e98cc850ae810"}
,"/home/travis/build/IFS49F/poker/src/components/SpeechBallon/SpeechBallon.js": {"path":"/home/travis/build/IFS49F/poker/src/components/SpeechBallon/SpeechBallon.js","statementMap":{"0":{"start":{"line":5,"column":21},"end":{"line":13,"column":1}},"1":{"start":{"line":6,"column":28},"end":{"line":6,"column":61}},"2":{"start":{"line":8,"column":2},"end":{"line":12,"column":4}}},"fnMap":{"0":{"name":"(anonymous_0)","decl":{"start":{"line":5,"column":21},"end":{"line":5,"column":22}},"loc":{"start":{"line":5,"column":46},"end":{"line":13,"column":1}},"line":5}},"branchMap":{},"s":{"0":3,"1":2,"2":2},"f":{"0":2},"b":{},"_coverageSchema":"43e27e138ebf9cfc5966b082cf9a028302ed4184","hash":"120318b7db4be8818756da19004a9eaa253cca4e"}
,"/home/travis/build/IFS49F/poker/src/components/Summary/Summary.js": {"path":"/home/travis/build/IFS49F/poker/src/components/Summary/Summary.js","statementMap":{"0":{"start":{"line":5,"column":16},"end":{"line":46,"column":1}},"1":{"start":{"line":6,"column":14},"end":{"line":6,"column":16}},"2":{"start":{"line":7,"column":2},"end":{"line":7,"column":49}},"3":{"start":{"line":7,"column":31},"end":{"line":7,"column":47}},"4":{"start":{"line":8,"column":24},"end":{"line":8,"column":25}},"5":{"start":{"line":9,"column":2},"end":{"line":13,"column":5}},"6":{"start":{"line":10,"column":4},"end":{"line":10,"column":57}},"7":{"start":{"line":10,"column":50},"end":{"line":10,"column":57}},"8":{"start":{"line":11,"column":4},"end":{"line":11,"column":22}},"9":{"start":{"line":12,"column":4},"end":{"line":12,"column":23}},"10":{"start":{"line":14,"column":20},"end":{"line":37,"column":6}},"11":{"start":{"line":17,"column":6},"end":{"line":17,"column":35}},"12":{"start":{"line":17,"column":23},"end":{"line":17,"column":35}},"13":{"start":{"line":18,"column":25},"end":{"line":18,"column":60}},"14":{"start":{"line":19,"column":27},"end":{"line":19,"column":61}},"15":{"start":{"line":19,"column":35},"end":{"line":19,"column":59}},"16":{"start":{"line":20,"column":27},"end":{"line":20,"column":60}},"17":{"start":{"line":20,"column":35},"end":{"line":20,"column":58}},"18":{"start":{"line":21,"column":6},"end":{"line":36,"column":8}},"19":{"start":{"line":39,"column":2},"end":{"line":45,"column":4}}},"fnMap":{"0":{"name":"(anonymous_0)","decl":{"start":{"line":5,"column":16},"end":{"line":5,"column":17}},"loc":{"start":{"line":5,"column":53},"end":{"line":46,"column":1}},"line":5},"1":{"name":"(anonymous_1)","decl":{"start":{"line":7,"column":22},"end":{"line":7,"column":23}},"loc":{"start":{"line":7,"column":31},"end":{"line":7,"column":47}},"line":7},"2":{"name":"(anonymous_2)","decl":{"start":{"line":9,"column":28},"end":{"line":9,"column":29}},"loc":{"start":{"line":9,"column":37},"end":{"line":13,"column":3}},"line":9},"3":{"name":"(anonymous_3)","decl":{"start":{"line":16,"column":9},"end":{"line":16,"column":10}},"loc":{"start":{"line":16,"column":29},"end":{"line":37,"column":5}},"line":16},"4":{"name":"(anonymous_4)","decl":{"start":{"line":19,"column":27},"end":{"line":19,"column":28}},"loc":{"start":{"line":19,"column":33},"end":{"line":19,"column":61}},"line":19},"5":{"name":"(anonymous_5)","decl":{"start":{"line":20,"column":27},"end":{"line":20,"column":28}},"loc":{"start":{"line":20,"column":33},"end":{"line":20,"column":60}},"line":20}},"branchMap":{"0":{"loc":{"start":{"line":10,"column":4},"end":{"line":10,"column":57}},"type":"if","locations":[{"start":{"line":10,"column":4},"end":{"line":10,"column":57}},{"start":{"line":10,"column":4},"end":{"line":10,"column":57}}],"line":10},"1":{"loc":{"start":{"line":10,"column":8},"end":{"line":10,"column":48}},"type":"binary-expr","locations":[{"start":{"line":10,"column":8},"end":{"line":10,"column":12}},{"start":{"line":10,"column":16},"end":{"line":10,"column":26}},{"start":{"line":10,"column":30},"end":{"line":10,"column":48}}],"line":10},"2":{"loc":{"start":{"line":17,"column":6},"end":{"line":17,"column":35}},"type":"if","locations":[{"start":{"line":17,"column":6},"end":{"line":17,"column":35}},{"start":{"line":17,"column":6},"end":{"line":17,"column":35}}],"line":17}},"s":{"0":2,"1":5,"2":5,"3":70,"4":5,"5":5,"6":30,"7":5,"8":25,"9":25,"10":5,"11":70,"12":50,"13":20,"14":20,"15":0,"16":20,"17":0,"18":20,"19":5},"f":{"0":5,"1":70,"2":30,"3":70,"4":0,"5":0},"b":{"0":[5,25],"1":[30,30,25],"2":[50,20]},"_coverageSchema":"43e27e138ebf9cfc5966b082cf9a028302ed4184","hash":"c7b823e4367156d5d5663490aa21a871a4fefdbb"}
,"/home/travis/build/IFS49F/poker/src/components/Votes/Votes.js": {"path":"/home/travis/build/IFS49F/poker/src/components/Votes/Votes.js","statementMap":{"0":{"start":{"line":7,"column":17},"end":{"line":9,"column":45}},"1":{"start":{"line":9,"column":25},"end":{"line":9,"column":43}},"2":{"start":{"line":11,"column":13},"end":{"line":18,"column":1}},"3":{"start":{"line":12,"column":2},"end":{"line":17,"column":18}},"4":{"start":{"line":20,"column":15},"end":{"line":27,"column":1}},"5":{"start":{"line":21,"column":2},"end":{"line":26,"column":18}},"6":{"start":{"line":29,"column":14},"end":{"line":36,"column":1}},"7":{"start":{"line":30,"column":2},"end":{"line":35,"column":18}},"8":{"start":{"line":38,"column":14},"end":{"line":103,"column":1}},"9":{"start":{"line":39,"column":20},"end":{"line":68,"column":5}},"10":{"start":{"line":41,"column":20},"end":{"line":41,"column":52}},"11":{"start":{"line":43,"column":6},"end":{"line":67,"column":13}},"12":{"start":{"line":69,"column":2},"end":{"line":102,"column":4}}},"fnMap":{"0":{"name":"(anonymous_0)","decl":{"start":{"line":9,"column":15},"end":{"line":9,"column":16}},"loc":{"start":{"line":9,"column":25},"end":{"line":9,"column":43}},"line":9},"1":{"name":"(anonymous_1)","decl":{"start":{"line":11,"column":13},"end":{"line":11,"column":14}},"loc":{"start":{"line":12,"column":2},"end":{"line":17,"column":18}},"line":12},"2":{"name":"(anonymous_2)","decl":{"start":{"line":20,"column":15},"end":{"line":20,"column":16}},"loc":{"start":{"line":21,"column":2},"end":{"line":26,"column":18}},"line":21},"3":{"name":"(anonymous_3)","decl":{"start":{"line":29,"column":14},"end":{"line":29,"column":15}},"loc":{"start":{"line":30,"column":2},"end":{"line":35,"column":18}},"line":30},"4":{"name":"(anonymous_4)","decl":{"start":{"line":38,"column":14},"end":{"line":38,"column":15}},"loc":{"start":{"line":38,"column":77},"end":{"line":103,"column":1}},"line":38},"5":{"name":"(anonymous_5)","decl":{"start":{"line":41,"column":10},"end":{"line":41,"column":11}},"loc":{"start":{"line":41,"column":20},"end":{"line":41,"column":52}},"line":41},"6":{"name":"(anonymous_6)","decl":{"start":{"line":42,"column":9},"end":{"line":42,"column":10}},"loc":{"start":{"line":43,"column":6},"end":{"line":67,"column":13}},"line":43}},"branchMap":{"0":{"loc":{"start":{"line":7,"column":17},"end":{"line":9,"column":45}},"type":"cond-expr","locations":[{"start":{"line":8,"column":4},"end":{"line":8,"column":23}},{"start":{"line":9,"column":4},"end":{"line":9,"column":45}}],"line":7},"1":{"loc":{"start":{"line":7,"column":17},"end":{"line":7,"column":45}},"type":"binary-expr","locations":[{"start":{"line":7,"column":17},"end":{"line":7,"column":21}},{"start":{"line":7,"column":26},"end":{"line":7,"column":44}}],"line":7},"2":{"loc":{"start":{"line":46,"column":24},"end":{"line":46,"column":81}},"type":"binary-expr","locations":[{"start":{"line":46,"column":24},"end":{"line":46,"column":47}},{"start":{"line":46,"column":51},"end":{"line":46,"column":81}}],"line":46},"3":{"loc":{"start":{"line":48,"column":27},"end":{"line":48,"column":85}},"type":"binary-expr","locations":[{"start":{"line":48,"column":27},"end":{"line":48,"column":58}},{"start":{"line":48,"column":62},"end":{"line":48,"column":85}}],"line":48},"4":{"loc":{"start":{"line":55,"column":15},"end":{"line":62,"column":15}},"type":"binary-expr","locations":[{"start":{"line":55,"column":15},"end":{"line":55,"column":38}},{"start":{"line":55,"column":42},"end":{"line":55,"column":74}},{"start":{"line":56,"column":16},"end":{"line":61,"column":24}}],"line":55},"5":{"loc":{"start":{"line":72,"column":9},"end":{"line":98,"column":9}},"type":"binary-expr","locations":[{"start":{"line":72,"column":9},"end":{"line":72,"column":11}},{"start":{"line":73,"column":10},"end":{"line":97,"column":17}}],"line":72},"6":{"loc":{"start":{"line":76,"column":28},"end":{"line":76,"column":77}},"type":"binary-expr","locations":[{"start":{"line":76,"column":28},"end":{"line":76,"column":47}},{"start":{"line":76,"column":51},"end":{"line":76,"column":77}}],"line":76},"7":{"loc":{"start":{"line":78,"column":31},"end":{"line":78,"column":84}},"type":"binary-expr","locations":[{"start":{"line":78,"column":31},"end":{"line":78,"column":57}},{"start":{"line":78,"column":61},"end":{"line":78,"column":84}}],"line":78},"8":{"loc":{"start":{"line":85,"column":19},"end":{"line":92,"column":19}},"type":"binary-expr","locations":[{"start":{"line":85,"column":19},"end":{"line":85,"column":38}},{"start":{"line":85,"column":42},"end":{"line":85,"column":70}},{"start":{"line":86,"column":20},"end":{"line":91,"column":28}}],"line":85}},"s":{"0":2,"1":0,"2":2,"3":0,"4":2,"5":0,"6":2,"7":0,"8":2,"9":4,"10":16,"11":16,"12":4},"f":{"0":0,"1":0,"2":0,"3":0,"4":4,"5":16,"6":16},"b":{"0":[2,0],"1":[2,2],"2":[16,0],"3":[16,0],"4":[16,0,0],"5":[4,3],"6":[3,0],"7":[3,3],"8":[3,0,0]},"_coverageSchema":"43e27e138ebf9cfc5966b082cf9a028302ed4184","hash":"87d7f73dab32bafe1cbca389906e8f5437fad082"}
,"/home/travis/build/IFS49F/poker/src/lib/constants.js": {"path":"/home/travis/build/IFS49F/poker/src/lib/constants.js","statementMap":{"0":{"start":{"line":1,"column":27},"end":{"line":1,"column":103}}},"fnMap":{},"branchMap":{},"s":{"0":3},"f":{},"b":{},"_coverageSchema":"43e27e138ebf9cfc5966b082cf9a028302ed4184","hash":"11702164996f2732490108cd3576730c7fd08187"}
,"/home/travis/build/IFS49F/poker/src/lib/player-state-pinger.js": {"path":"/home/travis/build/IFS49F/poker/src/lib/player-state-pinger.js","statementMap":{"0":{"start":{"line":3,"column":4},"end":{"line":3,"column":35}},"1":{"start":{"line":4,"column":4},"end":{"line":4,"column":23}},"2":{"start":{"line":8,"column":4},"end":{"line":8,"column":48}},"3":{"start":{"line":9,"column":4},"end":{"line":9,"column":63}},"4":{"start":{"line":9,"column":34},"end":{"line":9,"column":63}},"5":{"start":{"line":10,"column":4},"end":{"line":10,"column":85}},"6":{"start":{"line":10,"column":40},"end":{"line":10,"column":85}},"7":{"start":{"line":11,"column":4},"end":{"line":14,"column":16}},"8":{"start":{"line":12,"column":6},"end":{"line":12,"column":54}},"9":{"start":{"line":13,"column":6},"end":{"line":13,"column":44}},"10":{"start":{"line":18,"column":4},"end":{"line":27,"column":8}},"11":{"start":{"line":18,"column":32},"end":{"line":27,"column":5}},"12":{"start":{"line":31,"column":4},"end":{"line":34,"column":5}},"13":{"start":{"line":32,"column":6},"end":{"line":33,"column":29}},"14":{"start":{"line":32,"column":35},"end":{"line":32,"column":59}},"15":{"start":{"line":33,"column":11},"end":{"line":33,"column":29}}},"fnMap":{"0":{"name":"(anonymous_0)","decl":{"start":{"line":2,"column":2},"end":{"line":2,"column":3}},"loc":{"start":{"line":2,"column":21},"end":{"line":5,"column":3}},"line":2},"1":{"name":"(anonymous_1)","decl":{"start":{"line":7,"column":2},"end":{"line":7,"column":3}},"loc":{"start":{"line":7,"column":58},"end":{"line":15,"column":3}},"line":7},"2":{"name":"(anonymous_2)","decl":{"start":{"line":11,"column":48},"end":{"line":11,"column":49}},"loc":{"start":{"line":11,"column":54},"end":{"line":14,"column":5}},"line":11},"3":{"name":"(anonymous_3)","decl":{"start":{"line":17,"column":2},"end":{"line":17,"column":3}},"loc":{"start":{"line":17,"column":41},"end":{"line":28,"column":3}},"line":17},"4":{"name":"(anonymous_4)","decl":{"start":{"line":18,"column":18},"end":{"line":18,"column":19}},"loc":{"start":{"line":18,"column":32},"end":{"line":27,"column":5}},"line":18},"5":{"name":"(anonymous_5)","decl":{"start":{"line":30,"column":2},"end":{"line":30,"column":3}},"loc":{"start":{"line":30,"column":42},"end":{"line":35,"column":3}},"line":30}},"branchMap":{"0":{"loc":{"start":{"line":7,"column":35},"end":{"line":7,"column":47}},"type":"default-arg","locations":[{"start":{"line":7,"column":43},"end":{"line":7,"column":47}}],"line":7},"1":{"loc":{"start":{"line":9,"column":4},"end":{"line":9,"column":63}},"type":"if","locations":[{"start":{"line":9,"column":4},"end":{"line":9,"column":63}},{"start":{"line":9,"column":4},"end":{"line":9,"column":63}}],"line":9},"2":{"loc":{"start":{"line":10,"column":4},"end":{"line":10,"column":85}},"type":"if","locations":[{"start":{"line":10,"column":4},"end":{"line":10,"column":85}},{"start":{"line":10,"column":4},"end":{"line":10,"column":85}}],"line":10},"3":{"loc":{"start":{"line":30,"column":16},"end":{"line":30,"column":40}},"type":"default-arg","locations":[{"start":{"line":30,"column":27},"end":{"line":30,"column":40}}],"line":30},"4":{"loc":{"start":{"line":32,"column":6},"end":{"line":33,"column":29}},"type":"if","locations":[{"start":{"line":32,"column":6},"end":{"line":33,"column":29}},{"start":{"line":32,"column":6},"end":{"line":33,"column":29}}],"line":32}},"s":{"0":1,"1":1,"2":0,"3":0,"4":0,"5":0,"6":0,"7":0,"8":0,"9":0,"10":1,"11":1,"12":0,"13":0,"14":0,"15":0},"f":{"0":1,"1":0,"2":0,"3":1,"4":1,"5":0},"b":{"0":[0],"1":[0,0],"2":[0,0],"3":[0],"4":[0,0]},"_coverageSchema":"43e27e138ebf9cfc5966b082cf9a028302ed4184","hash":"81564e7e29c23307ddebea2dc9c75c8f5a484bfa"}
,"/home/travis/build/IFS49F/poker/src/pages/App/App.js": {"path":"/home/travis/build/IFS49F/poker/src/pages/App/App.js","statementMap":{"0":{"start":{"line":7,"column":12},"end":{"line":17,"column":1}},"1":{"start":{"line":8,"column":2},"end":{"line":16,"column":8}}},"fnMap":{"0":{"name":"(anonymous_0)","decl":{"start":{"line":7,"column":12},"end":{"line":7,"column":13}},"loc":{"start":{"line":8,"column":2},"end":{"line":16,"column":8}},"line":8}},"branchMap":{},"s":{"0":1,"1":1},"f":{"0":1},"b":{},"_coverageSchema":"43e27e138ebf9cfc5966b082cf9a028302ed4184","hash":"e9e1cc524b92d879e447863cef01af88423691e9"}
,"/home/travis/build/IFS49F/poker/src/pages/Landing/Landing.js": {"path":"/home/travis/build/IFS49F/poker/src/pages/Landing/Landing.js","statementMap":{"0":{"start":{"line":8,"column":4},"end":{"line":8,"column":17}},"1":{"start":{"line":9,"column":4},"end":{"line":12,"column":6}},"2":{"start":{"line":15,"column":17},"end":{"line":19,"column":3}},"3":{"start":{"line":16,"column":4},"end":{"line":18,"column":7}},"4":{"start":{"line":21,"column":17},"end":{"line":25,"column":3}},"5":{"start":{"line":22,"column":4},"end":{"line":22,"column":23}},"6":{"start":{"line":23,"column":21},"end":{"line":23,"column":69}},"7":{"start":{"line":24,"column":4},"end":{"line":24,"column":38}},"8":{"start":{"line":28,"column":19},"end":{"line":30,"column":5}},"9":{"start":{"line":32,"column":4},"end":{"line":55,"column":6}}},"fnMap":{"0":{"name":"(anonymous_0)","decl":{"start":{"line":7,"column":2},"end":{"line":7,"column":3}},"loc":{"start":{"line":7,"column":21},"end":{"line":13,"column":3}},"line":7},"1":{"name":"(anonymous_1)","decl":{"start":{"line":15,"column":17},"end":{"line":15,"column":18}},"loc":{"start":{"line":15,"column":24},"end":{"line":19,"column":3}},"line":15},"2":{"name":"(anonymous_2)","decl":{"start":{"line":21,"column":17},"end":{"line":21,"column":18}},"loc":{"start":{"line":21,"column":24},"end":{"line":25,"column":3}},"line":21},"3":{"name":"(anonymous_3)","decl":{"start":{"line":27,"column":2},"end":{"line":27,"column":3}},"loc":{"start":{"line":27,"column":11},"end":{"line":56,"column":3}},"line":27}},"branchMap":{"0":{"loc":{"start":{"line":23,"column":21},"end":{"line":23,"column":69}},"type":"binary-expr","locations":[{"start":{"line":23,"column":21},"end":{"line":23,"column":40}},{"start":{"line":23,"column":44},"end":{"line":23,"column":69}}],"line":23}},"s":{"0":7,"1":7,"2":7,"3":1,"4":7,"5":2,"6":2,"7":2,"8":10,"9":10},"f":{"0":7,"1":1,"2":2,"3":10},"b":{"0":[2,1]},"_coverageSchema":"43e27e138ebf9cfc5966b082cf9a028302ed4184","hash":"8c732243a65071f161001e1f9f7568fc7f57724d"}
,"/home/travis/build/IFS49F/poker/src/pages/Room/Room.js": {"path":"/home/travis/build/IFS49F/poker/src/pages/Room/Room.js","statementMap":{"0":{"start":{"line":15,"column":13},"end":{"line":22,"column":1}},"1":{"start":{"line":16,"column":2},"end":{"line":21,"column":18}},"2":{"start":{"line":24,"column":17},"end":{"line":31,"column":1}},"3":{"start":{"line":25,"column":2},"end":{"line":30,"column":18}},"4":{"start":{"line":35,"column":4},"end":{"line":35,"column":17}},"5":{"start":{"line":36,"column":4},"end":{"line":45,"column":6}},"6":{"start":{"line":48,"column":4},"end":{"line":48,"column":45}},"7":{"start":{"line":49,"column":4},"end":{"line":49,"column":25}},"8":{"start":{"line":50,"column":4},"end":{"line":50,"column":91}},"9":{"start":{"line":54,"column":4},"end":{"line":54,"column":62}},"10":{"start":{"line":56,"column":4},"end":{"line":69,"column":7}},"11":{"start":{"line":57,"column":17},"end":{"line":57,"column":75}},"12":{"start":{"line":57,"column":46},"end":{"line":57,"column":74}},"13":{"start":{"line":58,"column":19},"end":{"line":58,"column":79}},"14":{"start":{"line":58,"column":50},"end":{"line":58,"column":78}},"15":{"start":{"line":59,"column":31},"end":{"line":59,"column":39}},"16":{"start":{"line":61,"column":6},"end":{"line":66,"column":10}},"17":{"start":{"line":61,"column":34},"end":{"line":66,"column":7}},"18":{"start":{"line":68,"column":6},"end":{"line":68,"column":44}},"19":{"start":{"line":68,"column":18},"end":{"line":68,"column":44}},"20":{"start":{"line":71,"column":4},"end":{"line":77,"column":7}},"21":{"start":{"line":72,"column":6},"end":{"line":76,"column":9}},"22":{"start":{"line":79,"column":4},"end":{"line":83,"column":7}},"23":{"start":{"line":80,"column":6},"end":{"line":82,"column":9}},"24":{"start":{"line":85,"column":4},"end":{"line":91,"column":7}},"25":{"start":{"line":86,"column":6},"end":{"line":86,"column":42}},"26":{"start":{"line":87,"column":25},"end":{"line":87,"column":59}},"27":{"start":{"line":88,"column":6},"end":{"line":90,"column":7}},"28":{"start":{"line":89,"column":8},"end":{"line":89,"column":42}},"29":{"start":{"line":93,"column":4},"end":{"line":93,"column":40}},"30":{"start":{"line":97,"column":4},"end":{"line":97,"column":24}},"31":{"start":{"line":98,"column":4},"end":{"line":98,"column":43}},"32":{"start":{"line":102,"column":4},"end":{"line":113,"column":5}},"33":{"start":{"line":104,"column":8},"end":{"line":104,"column":79}},"34":{"start":{"line":105,"column":8},"end":{"line":105,"column":14}},"35":{"start":{"line":107,"column":8},"end":{"line":107,"column":113}},"36":{"start":{"line":108,"column":8},"end":{"line":108,"column":14}},"37":{"start":{"line":110,"column":8},"end":{"line":110,"column":112}},"38":{"start":{"line":111,"column":8},"end":{"line":111,"column":14}},"39":{"start":{"line":116,"column":17},"end":{"line":119,"column":3}},"40":{"start":{"line":117,"column":4},"end":{"line":117,"column":23}},"41":{"start":{"line":118,"column":4},"end":{"line":118,"column":23}},"42":{"start":{"line":121,"column":21},"end":{"line":135,"column":3}},"43":{"start":{"line":122,"column":17},"end":{"line":122,"column":54}},"44":{"start":{"line":123,"column":4},"end":{"line":123,"column":24}},"45":{"start":{"line":124,"column":4},"end":{"line":132,"column":7}},"46":{"start":{"line":133,"column":4},"end":{"line":133,"column":45}},"47":{"start":{"line":134,"column":4},"end":{"line":134,"column":45}},"48":{"start":{"line":137,"column":15},"end":{"line":144,"column":3}},"49":{"start":{"line":138,"column":18},"end":{"line":138,"column":32}},"50":{"start":{"line":139,"column":4},"end":{"line":142,"column":8}},"51":{"start":{"line":139,"column":32},"end":{"line":142,"column":5}},"52":{"start":{"line":143,"column":4},"end":{"line":143,"column":36}},"53":{"start":{"line":146,"column":15},"end":{"line":148,"column":3}},"54":{"start":{"line":147,"column":4},"end":{"line":147,"column":29}},"55":{"start":{"line":150,"column":16},"end":{"line":161,"column":3}},"56":{"start":{"line":151,"column":4},"end":{"line":159,"column":8}},"57":{"start":{"line":151,"column":32},"end":{"line":159,"column":5}},"58":{"start":{"line":156,"column":8},"end":{"line":156,"column":64}},"59":{"start":{"line":160,"column":4},"end":{"line":160,"column":30}},"60":{"start":{"line":163,"column":25},"end":{"line":167,"column":3}},"61":{"start":{"line":164,"column":4},"end":{"line":166,"column":7}},"62":{"start":{"line":170,"column":101},"end":{"line":170,"column":111}},"63":{"start":{"line":171,"column":23},"end":{"line":171,"column":63}},"64":{"start":{"line":173,"column":4},"end":{"line":218,"column":6}}},"fnMap":{"0":{"name":"(anonymous_0)","decl":{"start":{"line":15,"column":13},"end":{"line":15,"column":14}},"loc":{"start":{"line":16,"column":2},"end":{"line":21,"column":18}},"line":16},"1":{"name":"(anonymous_1)","decl":{"start":{"line":24,"column":17},"end":{"line":24,"column":18}},"loc":{"start":{"line":25,"column":2},"end":{"line":30,"column":18}},"line":25},"2":{"name":"(anonymous_2)","decl":{"start":{"line":34,"column":2},"end":{"line":34,"column":3}},"loc":{"start":{"line":34,"column":21},"end":{"line":51,"column":3}},"line":34},"3":{"name":"(anonymous_3)","decl":{"start":{"line":53,"column":2},"end":{"line":53,"column":3}},"loc":{"start":{"line":53,"column":22},"end":{"line":94,"column":3}},"line":53},"4":{"name":"(anonymous_4)","decl":{"start":{"line":56,"column":34},"end":{"line":56,"column":35}},"loc":{"start":{"line":56,"column":63},"end":{"line":69,"column":5}},"line":56},"5":{"name":"(anonymous_5)","decl":{"start":{"line":57,"column":36},"end":{"line":57,"column":37}},"loc":{"start":{"line":57,"column":46},"end":{"line":57,"column":74}},"line":57},"6":{"name":"(anonymous_6)","decl":{"start":{"line":58,"column":40},"end":{"line":58,"column":41}},"loc":{"start":{"line":58,"column":50},"end":{"line":58,"column":78}},"line":58},"7":{"name":"(anonymous_7)","decl":{"start":{"line":61,"column":20},"end":{"line":61,"column":21}},"loc":{"start":{"line":61,"column":34},"end":{"line":66,"column":7}},"line":61},"8":{"name":"(anonymous_8)","decl":{"start":{"line":71,"column":36},"end":{"line":71,"column":37}},"loc":{"start":{"line":71,"column":48},"end":{"line":77,"column":5}},"line":71},"9":{"name":"(anonymous_9)","decl":{"start":{"line":79,"column":30},"end":{"line":79,"column":31}},"loc":{"start":{"line":79,"column":36},"end":{"line":83,"column":5}},"line":79},"10":{"name":"(anonymous_10)","decl":{"start":{"line":85,"column":32},"end":{"line":85,"column":33}},"loc":{"start":{"line":85,"column":38},"end":{"line":91,"column":5}},"line":85},"11":{"name":"(anonymous_11)","decl":{"start":{"line":96,"column":2},"end":{"line":96,"column":3}},"loc":{"start":{"line":96,"column":25},"end":{"line":99,"column":3}},"line":96},"12":{"name":"(anonymous_12)","decl":{"start":{"line":101,"column":2},"end":{"line":101,"column":3}},"loc":{"start":{"line":101,"column":35},"end":{"line":114,"column":3}},"line":101},"13":{"name":"(anonymous_13)","decl":{"start":{"line":116,"column":17},"end":{"line":116,"column":18}},"loc":{"start":{"line":116,"column":24},"end":{"line":119,"column":3}},"line":116},"14":{"name":"(anonymous_14)","decl":{"start":{"line":121,"column":21},"end":{"line":121,"column":22}},"loc":{"start":{"line":121,"column":31},"end":{"line":135,"column":3}},"line":121},"15":{"name":"(anonymous_15)","decl":{"start":{"line":137,"column":15},"end":{"line":137,"column":16}},"loc":{"start":{"line":137,"column":22},"end":{"line":144,"column":3}},"line":137},"16":{"name":"(anonymous_16)","decl":{"start":{"line":139,"column":18},"end":{"line":139,"column":19}},"loc":{"start":{"line":139,"column":32},"end":{"line":142,"column":5}},"line":139},"17":{"name":"(anonymous_17)","decl":{"start":{"line":146,"column":15},"end":{"line":146,"column":16}},"loc":{"start":{"line":146,"column":21},"end":{"line":148,"column":3}},"line":146},"18":{"name":"(anonymous_18)","decl":{"start":{"line":150,"column":16},"end":{"line":150,"column":17}},"loc":{"start":{"line":150,"column":22},"end":{"line":161,"column":3}},"line":150},"19":{"name":"(anonymous_19)","decl":{"start":{"line":151,"column":18},"end":{"line":151,"column":19}},"loc":{"start":{"line":151,"column":32},"end":{"line":159,"column":5}},"line":151},"20":{"name":"(anonymous_20)","decl":{"start":{"line":155,"column":31},"end":{"line":155,"column":32}},"loc":{"start":{"line":156,"column":8},"end":{"line":156,"column":64}},"line":156},"21":{"name":"(anonymous_21)","decl":{"start":{"line":163,"column":25},"end":{"line":163,"column":26}},"loc":{"start":{"line":163,"column":45},"end":{"line":167,"column":3}},"line":163},"22":{"name":"(anonymous_22)","decl":{"start":{"line":169,"column":2},"end":{"line":169,"column":3}},"loc":{"start":{"line":169,"column":11},"end":{"line":219,"column":3}},"line":169}},"branchMap":{"0":{"loc":{"start":{"line":63,"column":17},"end":{"line":63,"column":57}},"type":"cond-expr","locations":[{"start":{"line":63,"column":33},"end":{"line":63,"column":37}},{"start":{"line":63,"column":40},"end":{"line":63,"column":57}}],"line":63},"1":{"loc":{"start":{"line":68,"column":6},"end":{"line":68,"column":44}},"type":"if","locations":[{"start":{"line":68,"column":6},"end":{"line":68,"column":44}},{"start":{"line":68,"column":6},"end":{"line":68,"column":44}}],"line":68},"2":{"loc":{"start":{"line":88,"column":6},"end":{"line":90,"column":7}},"type":"if","locations":[{"start":{"line":88,"column":6},"end":{"line":90,"column":7}},{"start":{"line":88,"column":6},"end":{"line":90,"column":7}}],"line":88},"3":{"loc":{"start":{"line":88,"column":10},"end":{"line":88,"column":36}},"type":"binary-expr","locations":[{"start":{"line":88,"column":10},"end":{"line":88,"column":22}},{"start":{"line":88,"column":26},"end":{"line":88,"column":36}}],"line":88},"4":{"loc":{"start":{"line":102,"column":4},"end":{"line":113,"column":5}},"type":"switch","locations":[{"start":{"line":103,"column":6},"end":{"line":105,"column":14}},{"start":{"line":106,"column":6},"end":{"line":108,"column":14}},{"start":{"line":109,"column":6},"end":{"line":111,"column":14}},{"start":{"line":112,"column":6},"end":{"line":112,"column":14}}],"line":102},"5":{"loc":{"start":{"line":171,"column":23},"end":{"line":171,"column":63}},"type":"binary-expr","locations":[{"start":{"line":171,"column":23},"end":{"line":171,"column":57}},{"start":{"line":171,"column":61},"end":{"line":171,"column":63}}],"line":171},"6":{"loc":{"start":{"line":181,"column":9},"end":{"line":192,"column":9}},"type":"cond-expr","locations":[{"start":{"line":182,"column":10},"end":{"line":187,"column":41}},{"start":{"line":189,"column":10},"end":{"line":191,"column":47}}],"line":181},"7":{"loc":{"start":{"line":201,"column":11},"end":{"line":208,"column":11}},"type":"binary-expr","locations":[{"start":{"line":201,"column":11},"end":{"line":201,"column":15}},{"start":{"line":202,"column":12},"end":{"line":207,"column":19}}],"line":201},"8":{"loc":{"start":{"line":209,"column":11},"end":{"line":215,"column":11}},"type":"binary-expr","locations":[{"start":{"line":209,"column":11},"end":{"line":209,"column":23}},{"start":{"line":210,"column":12},"end":{"line":214,"column":23}}],"line":209}},"s":{"0":1,"1":0,"2":1,"3":0,"4":0,"5":0,"6":0,"7":0,"8":0,"9":0,"10":0,"11":0,"12":0,"13":0,"14":0,"15":0,"16":0,"17":0,"18":0,"19":0,"20":0,"21":0,"22":0,"23":0,"24":0,"25":0,"26":0,"27":0,"28":0,"29":0,"30":0,"31":0,"32":0,"33":0,"34":0,"35":0,"36":0,"37":0,"38":0,"39":0,"40":0,"41":0,"42":0,"43":0,"44":0,"45":0,"46":0,"47":0,"48":0,"49":0,"50":0,"51":0,"52":0,"53":0,"54":0,"55":0,"56":0,"57":0,"58":0,"59":0,"60":0,"61":0,"62":0,"63":0,"64":0},"f":{"0":0,"1":0,"2":0,"3":0,"4":0,"5":0,"6":0,"7":0,"8":0,"9":0,"10":0,"11":0,"12":0,"13":0,"14":0,"15":0,"16":0,"17":0,"18":0,"19":0,"20":0,"21":0,"22":0},"b":{"0":[0,0],"1":[0,0],"2":[0,0],"3":[0,0],"4":[0,0,0,0],"5":[0,0],"6":[0,0],"7":[0,0],"8":[0,0]},"_coverageSchema":"43e27e138ebf9cfc5966b082cf9a028302ed4184","hash":"db1769dbf9631f21295e796db283c0802e81320d"}
}
