TN:
SF:/home/travis/build/IFS49F/poker/src/googleAnalytics.js
FN:2,googleAnalytics
FN:4,(anonymous_1)
FN:4,(anonymous_2)
FNF:3
FNH:0
FNDA:0,googleAnalytics
FNDA:0,(anonymous_1)
FNDA:0,(anonymous_2)
DA:3,0
DA:4,0
DA:5,0
DA:6,0
DA:9,0
DA:10,0
LF:6
LH:0
BRDA:3,0,0,0
BRDA:3,0,1,0
BRDA:3,1,0,0
BRDA:3,1,1,0
BRDA:4,2,0,0
BRDA:4,2,1,0
BRDA:5,3,0,0
BRDA:5,3,1,0
BRF:8
BRH:0
end_of_record
TN:
SF:/home/travis/build/IFS49F/poker/src/index.js
FNF:0
FNH:0
DA:9,0
DA:11,0
DA:16,0
LF:3
LH:0
BRF:0
BRH:0
end_of_record
TN:
SF:/home/travis/build/IFS49F/poker/src/registerServiceWorker.js
FN:11,register
FN:13,(anonymous_1)
FN:17,(anonymous_2)
FN:18,(anonymous_3)
FN:20,(anonymous_4)
FN:38,(anonymous_5)
FN:45,unregister
FN:47,(anonymous_7)
FNF:8
FNH:0
FNDA:0,register
FNDA:0,(anonymous_1)
FNDA:0,(anonymous_2)
FNDA:0,(anonymous_3)
FNDA:0,(anonymous_4)
FNDA:0,(anonymous_5)
FNDA:0,unregister
FNDA:0,(anonymous_7)
DA:12,0
DA:13,0
DA:14,0
DA:15,0
DA:18,0
DA:19,0
DA:20,0
DA:21,0
DA:22,0
DA:27,0
DA:32,0
DA:39,0
DA:46,0
DA:47,0
DA:48,0
LF:15
LH:0
BRDA:12,0,0,0
BRDA:12,0,1,0
BRDA:12,1,0,0
BRDA:12,1,1,0
BRDA:21,2,0,0
BRDA:21,2,1,0
BRDA:22,3,0,0
BRDA:22,3,1,0
BRDA:46,4,0,0
BRDA:46,4,1,0
BRF:10
BRH:0
end_of_record
TN:
SF:/home/travis/build/IFS49F/poker/src/components/Actions/Actions.js
FN:6,(anonymous_0)
FN:9,(anonymous_1)
FNF:2
FNH:2
FNDA:5,(anonymous_0)
FNDA:70,(anonymous_1)
DA:6,2
DA:7,5
DA:10,70
LF:3
LH:3
BRDA:21,0,0,1
BRDA:21,0,1,4
BRF:2
BRH:2
end_of_record
TN:
SF:/home/travis/build/IFS49F/poker/src/components/Card/Card.js
FN:5,(anonymous_0)
FNF:1
FNH:1
FNDA:6,(anonymous_0)
DA:5,3
DA:6,6
DA:8,6
LF:3
LH:3
BRDA:12,0,0,4
BRDA:12,0,1,2
BRDA:14,1,0,1
BRDA:14,1,1,1
BRF:4
BRH:4
end_of_record
TN:
SF:/home/travis/build/IFS49F/poker/src/components/Join/Join.js
FN:5,(anonymous_0)
FN:12,(anonymous_1)
FN:18,(anonymous_2)
FN:23,(anonymous_3)
FNF:4
FNH:4
FNDA:4,(anonymous_0)
FNDA:1,(anonymous_1)
FNDA:1,(anonymous_2)
FNDA:5,(anonymous_3)
DA:6,4
DA:7,4
DA:12,4
DA:13,1
DA:18,4
DA:19,1
DA:20,1
DA:24,5
LF:8
LH:8
BRF:0
BRH:0
end_of_record
TN:
SF:/home/travis/build/IFS49F/poker/src/components/Notification/Notification.js
FN:4,(anonymous_0)
FNF:1
FNH:1
FNDA:4,(anonymous_0)
DA:4,2
DA:5,4
LF:2
LH:2
BRF:0
BRH:0
end_of_record
TN:
SF:/home/travis/build/IFS49F/poker/src/components/Share/Share.js
FN:7,(anonymous_0)
FN:14,(anonymous_1)
FN:21,(anonymous_2)
FN:25,(anonymous_3)
FN:33,(anonymous_4)
FNF:5
FNH:5
FNDA:4,(anonymous_0)
FNDA:1,(anonymous_1)
FNDA:1,(anonymous_2)
FNDA:6,(anonymous_3)
FNDA:5,(anonymous_4)
DA:4,2
DA:8,4
DA:9,4
DA:14,4
DA:15,1
DA:16,1
DA:17,1
DA:18,1
DA:21,4
DA:22,1
DA:26,6
DA:27,6
DA:28,6
DA:30,6
DA:33,5
LF:15
LH:15
BRF:0
BRH:0
end_of_record
TN:
SF:/home/travis/build/IFS49F/poker/src/components/SiteNotification/SiteNotification.js
FN:5,(anonymous_0)
FNF:1
FNH:0
FNDA:0,(anonymous_0)
DA:5,1
DA:6,0
DA:7,0
DA:8,0
DA:9,0
DA:14,0
LF:6
LH:1
BRF:0
BRH:0
end_of_record
TN:
SF:/home/travis/build/IFS49F/poker/src/components/SpeechBallon/SpeechBallon.js
FN:5,(anonymous_0)
FNF:1
FNH:1
FNDA:2,(anonymous_0)
DA:5,3
DA:6,2
DA:8,2
LF:3
LH:3
BRF:0
BRH:0
end_of_record
TN:
SF:/home/travis/build/IFS49F/poker/src/components/Summary/Summary.js
FN:5,(anonymous_0)
FN:7,(anonymous_1)
FN:9,(anonymous_2)
FN:16,(anonymous_3)
FN:19,(anonymous_4)
FN:20,(anonymous_5)
FNF:6
FNH:4
FNDA:5,(anonymous_0)
FNDA:70,(anonymous_1)
FNDA:30,(anonymous_2)
FNDA:70,(anonymous_3)
FNDA:0,(anonymous_4)
FNDA:0,(anonymous_5)
DA:5,2
DA:6,5
DA:7,70
DA:8,5
DA:9,5
DA:10,30
DA:11,25
DA:12,25
DA:14,5
DA:17,70
DA:18,20
DA:19,20
DA:20,20
DA:21,20
DA:39,5
LF:15
LH:15
BRDA:10,0,0,5
BRDA:10,0,1,25
BRDA:10,1,0,30
BRDA:10,1,1,30
BRDA:10,1,2,25
BRDA:17,2,0,50
BRDA:17,2,1,20
BRF:7
BRH:7
end_of_record
TN:
SF:/home/travis/build/IFS49F/poker/src/components/Votes/Votes.js
FN:9,(anonymous_0)
FN:11,(anonymous_1)
FN:20,(anonymous_2)
FN:29,(anonymous_3)
FN:38,(anonymous_4)
FN:41,(anonymous_5)
FN:42,(anonymous_6)
FNF:7
FNH:3
FNDA:0,(anonymous_0)
FNDA:0,(anonymous_1)
FNDA:0,(anonymous_2)
FNDA:0,(anonymous_3)
FNDA:4,(anonymous_4)
FNDA:16,(anonymous_5)
FNDA:16,(anonymous_6)
DA:7,2
DA:9,0
DA:11,2
DA:12,0
DA:20,2
DA:21,0
DA:29,2
DA:30,0
DA:38,2
DA:39,4
DA:41,16
DA:43,16
DA:69,4
LF:13
LH:9
BRDA:7,0,0,2
BRDA:7,0,1,0
BRDA:7,1,0,2
BRDA:7,1,1,2
BRDA:46,2,0,16
BRDA:46,2,1,0
BRDA:48,3,0,16
BRDA:48,3,1,0
BRDA:55,4,0,16
BRDA:55,4,1,0
BRDA:55,4,2,0
BRDA:72,5,0,4
BRDA:72,5,1,3
BRDA:76,6,0,3
BRDA:76,6,1,0
BRDA:78,7,0,3
BRDA:78,7,1,3
BRDA:85,8,0,3
BRDA:85,8,1,0
BRDA:85,8,2,0
BRF:20
BRH:12
end_of_record
TN:
SF:/home/travis/build/IFS49F/poker/src/lib/constants.js
FNF:0
FNH:0
DA:1,3
LF:1
LH:1
BRF:0
BRH:0
end_of_record
TN:
SF:/home/travis/build/IFS49F/poker/src/lib/player-state-pinger.js
FN:2,(anonymous_0)
FN:7,(anonymous_1)
FN:11,(anonymous_2)
FN:17,(anonymous_3)
FN:18,(anonymous_4)
FN:30,(anonymous_5)
FNF:6
FNH:3
FNDA:1,(anonymous_0)
FNDA:0,(anonymous_1)
FNDA:0,(anonymous_2)
FNDA:1,(anonymous_3)
FNDA:1,(anonymous_4)
FNDA:0,(anonymous_5)
DA:3,1
DA:4,1
DA:8,0
DA:9,0
DA:10,0
DA:11,0
DA:12,0
DA:13,0
DA:18,1
DA:31,0
DA:32,0
DA:33,0
LF:12
LH:3
BRDA:7,0,0,0
BRDA:9,1,0,0
BRDA:9,1,1,0
BRDA:10,2,0,0
BRDA:10,2,1,0
BRDA:30,3,0,0
BRDA:32,4,0,0
BRDA:32,4,1,0
BRF:8
BRH:0
end_of_record
TN:
SF:/home/travis/build/IFS49F/poker/src/pages/App/App.js
FN:7,(anonymous_0)
FNF:1
FNH:1
FNDA:1,(anonymous_0)
DA:7,1
DA:8,1
LF:2
LH:2
BRF:0
BRH:0
end_of_record
TN:
SF:/home/travis/build/IFS49F/poker/src/pages/Landing/Landing.js
FN:7,(anonymous_0)
FN:15,(anonymous_1)
FN:21,(anonymous_2)
FN:27,(anonymous_3)
FNF:4
FNH:4
FNDA:7,(anonymous_0)
FNDA:1,(anonymous_1)
FNDA:2,(anonymous_2)
FNDA:10,(anonymous_3)
DA:8,7
DA:9,7
DA:15,7
DA:16,1
DA:21,7
DA:22,2
DA:23,2
DA:24,2
DA:28,10
DA:32,10
LF:10
LH:10
BRDA:23,0,0,2
BRDA:23,0,1,1
BRF:2
BRH:2
end_of_record
TN:
SF:/home/travis/build/IFS49F/poker/src/pages/Room/Room.js
FN:15,(anonymous_0)
FN:24,(anonymous_1)
FN:34,(anonymous_2)
FN:53,(anonymous_3)
FN:56,(anonymous_4)
FN:57,(anonymous_5)
FN:58,(anonymous_6)
FN:61,(anonymous_7)
FN:71,(anonymous_8)
FN:79,(anonymous_9)
FN:85,(anonymous_10)
FN:96,(anonymous_11)
FN:101,(anonymous_12)
FN:116,(anonymous_13)
FN:121,(anonymous_14)
FN:137,(anonymous_15)
FN:139,(anonymous_16)
FN:146,(anonymous_17)
FN:150,(anonymous_18)
FN:151,(anonymous_19)
FN:155,(anonymous_20)
FN:163,(anonymous_21)
FN:169,(anonymous_22)
FNF:23
FNH:0
FNDA:0,(anonymous_0)
FNDA:0,(anonymous_1)
FNDA:0,(anonymous_2)
FNDA:0,(anonymous_3)
FNDA:0,(anonymous_4)
FNDA:0,(anonymous_5)
FNDA:0,(anonymous_6)
FNDA:0,(anonymous_7)
FNDA:0,(anonymous_8)
FNDA:0,(anonymous_9)
FNDA:0,(anonymous_10)
FNDA:0,(anonymous_11)
FNDA:0,(anonymous_12)
FNDA:0,(anonymous_13)
FNDA:0,(anonymous_14)
FNDA:0,(anonymous_15)
FNDA:0,(anonymous_16)
FNDA:0,(anonymous_17)
FNDA:0,(anonymous_18)
FNDA:0,(anonymous_19)
FNDA:0,(anonymous_20)
FNDA:0,(anonymous_21)
FNDA:0,(anonymous_22)
DA:15,1
DA:16,0
DA:24,1
DA:25,0
DA:35,0
DA:36,0
DA:48,0
DA:49,0
DA:50,0
DA:54,0
DA:56,0
DA:57,0
DA:58,0
DA:59,0
DA:61,0
DA:68,0
DA:71,0
DA:72,0
DA:79,0
DA:80,0
DA:85,0
DA:86,0
DA:87,0
DA:88,0
DA:89,0
DA:93,0
DA:97,0
DA:98,0
DA:102,0
DA:104,0
DA:105,0
DA:107,0
DA:108,0
DA:110,0
DA:111,0
DA:116,0
DA:117,0
DA:118,0
DA:121,0
DA:122,0
DA:123,0
DA:124,0
DA:133,0
DA:134,0
DA:137,0
DA:138,0
DA:139,0
DA:143,0
DA:146,0
DA:147,0
DA:150,0
DA:151,0
DA:156,0
DA:160,0
DA:163,0
DA:164,0
DA:170,0
DA:171,0
DA:173,0
LF:59
LH:2
BRDA:63,0,0,0
BRDA:63,0,1,0
BRDA:68,1,0,0
BRDA:68,1,1,0
BRDA:88,2,0,0
BRDA:88,2,1,0
BRDA:88,3,0,0
BRDA:88,3,1,0
BRDA:102,4,0,0
BRDA:102,4,1,0
BRDA:102,4,2,0
BRDA:102,4,3,0
BRDA:171,5,0,0
BRDA:171,5,1,0
BRDA:181,6,0,0
BRDA:181,6,1,0
BRDA:201,7,0,0
BRDA:201,7,1,0
BRDA:209,8,0,0
BRDA:209,8,1,0
BRF:20
BRH:0
end_of_record
